Build started 2015/6/26 星期五 16:19:35.
     1>Project "C:\Users\Vividhina\Desktop\OculusSDK\Samples\OculusRoomTiny\OculusRoomTiny (GL)\Projects\Windows\VS2013\OculusRoomTiny (GL).vcxproj" on node 2 (Build target(s)).
     1>ClCompile:
         D:\Programs\visual studio 2013\VC\bin\CL.exe /c /I"C:\Users\Vividhina\Desktop\OculusSDK\Samples\OculusRoomTiny\OculusRoomTiny (GL)\Projects\Windows\VS2013\../../../../../../LibOVR/Include/" /I"C:\Users\Vividhina\Desktop\OculusSDK\Samples\OculusRoomTiny\OculusRoomTiny (GL)\Projects\Windows\VS2013\../../../../../../LibOVRKernel/Src/" /Z7 /nologo /W3 /WX /MP /O2 /Oi /Ot /Oy- /GT /GL /D WIN32 /D NDEBUG /D _WINDOWS /D _UNICODE /D UNICODE /Gm- /EHsc /MT /GS /Gy /fp:precise /Zc:wchar_t /Zc:forScope /GR- /Fo"C:\Users\Vividhina\Desktop\OculusSDK\Samples\OculusRoomTiny\OculusRoomTiny (GL)\Projects\Windows\VS2013\..\..\..\Obj\Windows\Win32\Release\VS2013\\" /Fd"C:\Users\Vividhina\Desktop\OculusSDK\Samples\OculusRoomTiny\OculusRoomTiny (GL)\Projects\Windows\VS2013\..\..\..\Obj\Windows\Win32\Release\VS2013\vc120.pdb" /Gd /TP /analyze- /errorReport:prompt /d2Zi+ ..\..\..\main.cpp
         main.cpp
       Link:
         D:\Programs\visual studio 2013\VC\bin\link.exe /ERRORREPORT:PROMPT /OUT:"C:\Users\Vividhina\Desktop\OculusSDK\Samples\OculusRoomTiny\OculusRoomTiny (GL)\Projects\Windows\VS2013\..\..\..\Bin\Windows\Win32\Release\VS2013\OculusRoomTiny (GL).exe" /INCREMENTAL:NO /NOLOGO "C:\Users\Vividhina\Desktop\OculusSDK\Samples\OculusRoomTiny\OculusRoomTiny (GL)\Projects\Windows\VS2013\../../../../../../LibOVRKernel/Lib/Windows/Win32/Release/VS2013/LibOVRKernel.lib" "C:\Users\Vividhina\Desktop\OculusSDK\Samples\OculusRoomTiny\OculusRoomTiny (GL)\Projects\Windows\VS2013\../../../../../../LibOVR/Lib/Windows/Win32/Release/VS2013/LibOVR.lib" kernel32.lib user32.lib gdi32.lib winspool.lib comdlg32.lib advapi32.lib shell32.lib ole32.lib oleaut32.lib uuid.lib odbc32.lib odbccp32.lib /MANIFEST /MANIFESTUAC:"level='asInvoker' uiAccess='false'" /manifest:embed /manifestinput:"D:\Programs\visual studio 2013\VC\Include\Manifest\PerMonitorHighDPIAware.manifest" /DEBUG /PDB:"C:\Users\Vividhina\Desktop\OculusSDK\Samples\OculusRoomTiny\OculusRoomTiny (GL)\Projects\Windows\VS2013\..\..\..\Bin\Windows\Win32\Release\VS2013\OculusRoomTiny (GL).pdb" /SUBSYSTEM:WINDOWS /OPT:REF /OPT:ICF /LTCG /TLBID:1 /DYNAMICBASE /NXCOMPAT /IMPLIB:"C:\Users\Vividhina\Desktop\OculusSDK\Samples\OculusRoomTiny\OculusRoomTiny (GL)\Projects\Windows\VS2013\..\..\..\Bin\Windows\Win32\Release\VS2013\OculusRoomTiny (GL).lib" /MACHINE:X86 /SAFESEH "C:\Users\Vividhina\Desktop\OculusSDK\Samples\OculusRoomTiny\OculusRoomTiny (GL)\Projects\Windows\VS2013\..\..\..\Obj\Windows\Win32\Release\VS2013\main.obj"
     1>LibOVRKernel.lib(OVR_Allocator.obj) : error LNK2038: mismatch detected for '_ITERATOR_DEBUG_LEVEL': value '2' doesn't match value '0' in main.obj
     1>LibOVRKernel.lib(OVR_Allocator.obj) : error LNK2038: mismatch detected for 'RuntimeLibrary': value 'MTd_StaticDebug' doesn't match value 'MT_StaticRelease' in main.obj
     1>LibOVRKernel.lib(CAPI_GLE.obj) : error LNK2038: mismatch detected for '_ITERATOR_DEBUG_LEVEL': value '2' doesn't match value '0' in main.obj
     1>LibOVRKernel.lib(CAPI_GLE.obj) : error LNK2038: mismatch detected for 'RuntimeLibrary': value 'MTd_StaticDebug' doesn't match value 'MT_StaticRelease' in main.obj
     1>LibOVRKernel.lib(OVR_System.obj) : error LNK2038: mismatch detected for '_ITERATOR_DEBUG_LEVEL': value '2' doesn't match value '0' in main.obj
     1>LibOVRKernel.lib(OVR_System.obj) : error LNK2038: mismatch detected for 'RuntimeLibrary': value 'MTd_StaticDebug' doesn't match value 'MT_StaticRelease' in main.obj
     1>LibOVRKernel.lib(OVR_Log.obj) : error LNK2038: mismatch detected for '_ITERATOR_DEBUG_LEVEL': value '2' doesn't match value '0' in main.obj
     1>LibOVRKernel.lib(OVR_Log.obj) : error LNK2038: mismatch detected for 'RuntimeLibrary': value 'MTd_StaticDebug' doesn't match value 'MT_StaticRelease' in main.obj
     1>LibOVRKernel.lib(OVR_DebugHelp.obj) : error LNK2038: mismatch detected for '_ITERATOR_DEBUG_LEVEL': value '2' doesn't match value '0' in main.obj
     1>LibOVRKernel.lib(OVR_DebugHelp.obj) : error LNK2038: mismatch detected for 'RuntimeLibrary': value 'MTd_StaticDebug' doesn't match value 'MT_StaticRelease' in main.obj
     1>LibOVRKernel.lib(OVR_String_FormatUtil.obj) : error LNK2038: mismatch detected for '_ITERATOR_DEBUG_LEVEL': value '2' doesn't match value '0' in main.obj
     1>LibOVRKernel.lib(OVR_String_FormatUtil.obj) : error LNK2038: mismatch detected for 'RuntimeLibrary': value 'MTd_StaticDebug' doesn't match value 'MT_StaticRelease' in main.obj
     1>LibOVRKernel.lib(OVR_ThreadsWinAPI.obj) : error LNK2038: mismatch detected for '_ITERATOR_DEBUG_LEVEL': value '2' doesn't match value '0' in main.obj
     1>LibOVRKernel.lib(OVR_ThreadsWinAPI.obj) : error LNK2038: mismatch detected for 'RuntimeLibrary': value 'MTd_StaticDebug' doesn't match value 'MT_StaticRelease' in main.obj
     1>LibOVRKernel.lib(OVR_Timer.obj) : error LNK2038: mismatch detected for '_ITERATOR_DEBUG_LEVEL': value '2' doesn't match value '0' in main.obj
     1>LibOVRKernel.lib(OVR_Timer.obj) : error LNK2038: mismatch detected for 'RuntimeLibrary': value 'MTd_StaticDebug' doesn't match value 'MT_StaticRelease' in main.obj
     1>LibOVRKernel.lib(OVR_RefCount.obj) : error LNK2038: mismatch detected for '_ITERATOR_DEBUG_LEVEL': value '2' doesn't match value '0' in main.obj
     1>LibOVRKernel.lib(OVR_RefCount.obj) : error LNK2038: mismatch detected for 'RuntimeLibrary': value 'MTd_StaticDebug' doesn't match value 'MT_StaticRelease' in main.obj
     1>LibOVRKernel.lib(OVR_Callbacks.obj) : error LNK2038: mismatch detected for '_ITERATOR_DEBUG_LEVEL': value '2' doesn't match value '0' in main.obj
     1>LibOVRKernel.lib(OVR_Callbacks.obj) : error LNK2038: mismatch detected for 'RuntimeLibrary': value 'MTd_StaticDebug' doesn't match value 'MT_StaticRelease' in main.obj
     1>LibOVRKernel.lib(OVR_SysFile.obj) : error LNK2038: mismatch detected for '_ITERATOR_DEBUG_LEVEL': value '2' doesn't match value '0' in main.obj
     1>LibOVRKernel.lib(OVR_SysFile.obj) : error LNK2038: mismatch detected for 'RuntimeLibrary': value 'MTd_StaticDebug' doesn't match value 'MT_StaticRelease' in main.obj
     1>LibOVRKernel.lib(OVR_FileFILE.obj) : error LNK2038: mismatch detected for '_ITERATOR_DEBUG_LEVEL': value '2' doesn't match value '0' in main.obj
     1>LibOVRKernel.lib(OVR_FileFILE.obj) : error LNK2038: mismatch detected for 'RuntimeLibrary': value 'MTd_StaticDebug' doesn't match value 'MT_StaticRelease' in main.obj
     1>libcpmtd.lib(stdthrow.obj) : error LNK2038: mismatch detected for '_ITERATOR_DEBUG_LEVEL': value '2' doesn't match value '0' in main.obj
     1>libcpmtd.lib(stdthrow.obj) : error LNK2038: mismatch detected for 'RuntimeLibrary': value 'MTd_StaticDebug' doesn't match value 'MT_StaticRelease' in main.obj
     1>LibOVRKernel.lib(OVR_Allocator.obj) : error LNK2001: unresolved external symbol __malloc_dbg
     1>LibOVRKernel.lib(OVR_Log.obj) : error LNK2001: unresolved external symbol __malloc_dbg
     1>LibOVRKernel.lib(OVR_DebugHelp.obj) : error LNK2001: unresolved external symbol __malloc_dbg
     1>LibOVRKernel.lib(OVR_Allocator.obj) : error LNK2001: unresolved external symbol __realloc_dbg
     1>LibOVRKernel.lib(OVR_Allocator.obj) : error LNK2001: unresolved external symbol __free_dbg
     1>LibOVRKernel.lib(OVR_Log.obj) : error LNK2001: unresolved external symbol __free_dbg
     1>LibOVRKernel.lib(OVR_DebugHelp.obj) : error LNK2001: unresolved external symbol __free_dbg
     1>LibOVRKernel.lib(OVR_Log.obj) : error LNK2001: unresolved external symbol __CrtDbgReportW
     1>libcpmtd.lib(stdthrow.obj) : error LNK2001: unresolved external symbol __CrtDbgReportW
     1>C:\Users\Vividhina\Desktop\OculusSDK\Samples\OculusRoomTiny\OculusRoomTiny (GL)\Projects\Windows\VS2013\..\..\..\Bin\Windows\Win32\Release\VS2013\OculusRoomTiny (GL).exe : fatal error LNK1120: 4 unresolved externals
     1>Done Building Project "C:\Users\Vividhina\Desktop\OculusSDK\Samples\OculusRoomTiny\OculusRoomTiny (GL)\Projects\Windows\VS2013\OculusRoomTiny (GL).vcxproj" (Build target(s)) -- FAILED.

Build FAILED.

Time Elapsed 00:00:01.81
