Build started 2015/6/26 星期五 16:18:20.
     1>Project "C:\Users\Vividhina\Desktop\OculusSDK\Samples\OculusRoomTiny\OculusRoomTiny (GL)\Projects\Windows\VS2013\OculusRoomTiny (GL).vcxproj" on node 2 (Build target(s)).
     1>Link:
         D:\Programs\visual studio 2013\VC\bin\x86_amd64\link.exe /ERRORREPORT:PROMPT /OUT:"C:\Users\Vividhina\Desktop\OculusSDK\Samples\OculusRoomTiny\OculusRoomTiny (GL)\Projects\Windows\VS2013\..\..\..\Bin\Windows\x64\Release\VS2013\OculusRoomTiny (GL).exe" /INCREMENTAL:NO /NOLOGO "C:\Users\Vividhina\Desktop\OculusSDK\Samples\OculusRoomTiny\OculusRoomTiny (GL)\Projects\Windows\VS2013\../../../../../../LibOVRKernel/Lib/Windows/x64/Release/VS2013/LibOVRKernel.lib" "C:\Users\Vividhina\Desktop\OculusSDK\Samples\OculusRoomTiny\OculusRoomTiny (GL)\Projects\Windows\VS2013\../../../../../../LibOVR/Lib/Windows/x64/Release/VS2013/LibOVR.lib" kernel32.lib user32.lib gdi32.lib winspool.lib comdlg32.lib advapi32.lib shell32.lib ole32.lib oleaut32.lib uuid.lib odbc32.lib odbccp32.lib /MANIFEST /MANIFESTUAC:"level='asInvoker' uiAccess='false'" /manifest:embed /manifestinput:"D:\Programs\visual studio 2013\VC\Include\Manifest\PerMonitorHighDPIAware.manifest" /DEBUG /PDB:"C:\Users\Vividhina\Desktop\OculusSDK\Samples\OculusRoomTiny\OculusRoomTiny (GL)\Projects\Windows\VS2013\..\..\..\Bin\Windows\x64\Release\VS2013\OculusRoomTiny (GL).pdb" /SUBSYSTEM:WINDOWS /OPT:REF /OPT:ICF /LTCG /TLBID:1 /DYNAMICBASE /NXCOMPAT /IMPLIB:"C:\Users\Vividhina\Desktop\OculusSDK\Samples\OculusRoomTiny\OculusRoomTiny (GL)\Projects\Windows\VS2013\..\..\..\Bin\Windows\x64\Release\VS2013\OculusRoomTiny (GL).lib" /MACHINE:X64 "C:\Users\Vividhina\Desktop\OculusSDK\Samples\OculusRoomTiny\OculusRoomTiny (GL)\Projects\Windows\VS2013\..\..\..\Obj\Windows\x64\Release\VS2013\main.obj"
     1>LibOVRKernel.lib(OVR_System.obj) : fatal error LNK1112: module machine type 'X86' conflicts with target machine type 'x64'
     1>Done Building Project "C:\Users\Vividhina\Desktop\OculusSDK\Samples\OculusRoomTiny\OculusRoomTiny (GL)\Projects\Windows\VS2013\OculusRoomTiny (GL).vcxproj" (Build target(s)) -- FAILED.

Build FAILED.

Time Elapsed 00:00:00.24
